\BOOKMARK [1][-]{section.1}{Introduction}{}% 1
\BOOKMARK [2][-]{subsection.1.1}{General information}{section.1}% 2
\BOOKMARK [2][-]{subsection.1.2}{Vision}{section.1}% 3
\BOOKMARK [3][-]{subsubsection.1.2.1}{Target audience}{subsection.1.2}% 4
\BOOKMARK [3][-]{subsubsection.1.2.2}{Play store description}{subsection.1.2}% 5
\BOOKMARK [3][-]{subsubsection.1.2.3}{Grade}{subsection.1.2}% 6
\BOOKMARK [1][-]{section.2}{Project plan}{}% 7
\BOOKMARK [2][-]{subsection.2.1}{Justification}{section.2}% 8
\BOOKMARK [2][-]{subsection.2.2}{Stakeholders}{section.2}% 9
\BOOKMARK [2][-]{subsection.2.3}{Resources}{section.2}% 10
\BOOKMARK [2][-]{subsection.2.4}{Hard- and Software Requirements}{section.2}% 11
\BOOKMARK [2][-]{subsection.2.5}{Scope, Constraints and Assumptions}{section.2}% 12
\BOOKMARK [1][-]{section.3}{Risk analysis}{}% 13
\BOOKMARK [2][-]{subsection.3.1}{List of risks}{section.3}% 14
\BOOKMARK [2][-]{subsection.3.2}{Risk strategy}{section.3}% 15
\BOOKMARK [2][-]{subsection.3.3}{Contingency and monitoring}{section.3}% 16
\BOOKMARK [1][-]{section.4}{Requirements Analysis}{}% 17
\BOOKMARK [2][-]{subsection.4.1}{Functional}{section.4}% 18
\BOOKMARK [2][-]{subsection.4.2}{Non-Functional}{section.4}% 19
\BOOKMARK [3][-]{subsubsection.4.2.1}{Performance}{subsection.4.2}% 20
\BOOKMARK [3][-]{subsubsection.4.2.2}{Privacy, ethics \046 security}{subsection.4.2}% 21
\BOOKMARK [1][-]{section.5}{Design}{}% 22
\BOOKMARK [2][-]{subsection.5.1}{Map Fragment}{section.5}% 23
\BOOKMARK [2][-]{subsection.5.2}{Inscription-list Fragment}{section.5}% 24
\BOOKMARK [2][-]{subsection.5.3}{Settings Fragment}{section.5}% 25
\BOOKMARK [2][-]{subsection.5.4}{Diagrams}{section.5}% 26
\BOOKMARK [2][-]{subsection.5.5}{Reflection}{section.5}% 27
\BOOKMARK [1][-]{section.6}{Test plan}{}% 28
\BOOKMARK [1][-]{section.7}{References}{}% 29
