This is pdfTeX, Version 3.14159265-2.6-1.40.19 (TeX Live 2018/W32TeX) (preloaded format=pdflatex 2019.5.1)  26 AUG 2019 13:14
entering extended mode
 restricted \write18 enabled.
 %&-line parsing enabled.
**document.tex
(./document.tex
LaTeX2e <2018-12-01>
(d:/texlive/2018/texmf-dist/tex/latex/base/article.cls
Document Class: article 2018/09/03 v1.4i Standard LaTeX document class
(d:/texlive/2018/texmf-dist/tex/latex/base/size10.clo
File: size10.clo 2018/09/03 v1.4i Standard LaTeX file (size option)
)
\c@part=\count80
\c@section=\count81
\c@subsection=\count82
\c@subsubsection=\count83
\c@paragraph=\count84
\c@subparagraph=\count85
\c@figure=\count86
\c@table=\count87
\abovecaptionskip=\skip41
\belowcaptionskip=\skip42
\bibindent=\dimen102
)
(d:/texlive/2018/texmf-dist/tex/latex/graphics/graphicx.sty
Package: graphicx 2017/06/01 v1.1a Enhanced LaTeX Graphics (DPC,SPQR)

(d:/texlive/2018/texmf-dist/tex/latex/graphics/keyval.sty
Package: keyval 2014/10/28 v1.15 key=value parser (DPC)
\KV@toks@=\toks14
)
(d:/texlive/2018/texmf-dist/tex/latex/graphics/graphics.sty
Package: graphics 2017/06/25 v1.2c Standard LaTeX Graphics (DPC,SPQR)

(d:/texlive/2018/texmf-dist/tex/latex/graphics/trig.sty
Package: trig 2016/01/03 v1.10 sin cos tan (DPC)
)
(d:/texlive/2018/texmf-dist/tex/latex/graphics-cfg/graphics.cfg
File: graphics.cfg 2016/06/04 v1.11 sample graphics configuration
)
Package graphics Info: Driver file: pdftex.def on input line 99.

(d:/texlive/2018/texmf-dist/tex/latex/graphics-def/pdftex.def
File: pdftex.def 2018/01/08 v1.0l Graphics/color driver for pdftex
))
\Gin@req@height=\dimen103
\Gin@req@width=\dimen104
)
(d:/texlive/2018/texmf-dist/tex/latex/float/float.sty
Package: float 2001/11/08 v1.3d Float enhancements (AL)
\c@float@type=\count88
\float@exts=\toks15
\float@box=\box27
\@float@everytoks=\toks16
\@floatcapt=\box28
)
(d:/texlive/2018/texmf-dist/tex/generic/babel/babel.sty
Package: babel 2018/11/13 3.27 The Babel package

(d:/texlive/2018/texmf-dist/tex/generic/babel/switch.def
File: switch.def 2018/11/13 3.27 Babel switching mechanism
)
(d:/texlive/2018/texmf-dist/tex/generic/babel-english/english.ldf
Language: english 2017/06/06 v3.3r English support from the babel system

(d:/texlive/2018/texmf-dist/tex/generic/babel/babel.def
File: babel.def 2018/11/13 3.27 Babel common definitions
\babel@savecnt=\count89
\U@D=\dimen105

(d:/texlive/2018/texmf-dist/tex/generic/babel/txtbabel.def)
\bbl@dirlevel=\count90
)
\l@canadian = a dialect from \language\l@american 
\l@australian = a dialect from \language\l@british 
\l@newzealand = a dialect from \language\l@british 
))
(d:/texlive/2018/texmf-dist/tex/latex/titlepic/titlepic.sty
Package: titlepic 2017/03/14 1.2 Package to display a picture on the title page

)
(d:/texlive/2018/texmf-dist/tex/latex/hyperref/hyperref.sty
Package: hyperref 2018/11/30 v6.88e Hypertext links for LaTeX

(d:/texlive/2018/texmf-dist/tex/generic/oberdiek/hobsub-hyperref.sty
Package: hobsub-hyperref 2016/05/16 v1.14 Bundle oberdiek, subset hyperref (HO)


(d:/texlive/2018/texmf-dist/tex/generic/oberdiek/hobsub-generic.sty
Package: hobsub-generic 2016/05/16 v1.14 Bundle oberdiek, subset generic (HO)
Package: hobsub 2016/05/16 v1.14 Construct package bundles (HO)
Package: infwarerr 2016/05/16 v1.4 Providing info/warning/error messages (HO)
Package: ltxcmds 2016/05/16 v1.23 LaTeX kernel commands for general use (HO)
Package: ifluatex 2016/05/16 v1.4 Provides the ifluatex switch (HO)
Package ifluatex Info: LuaTeX not detected.
Package: ifvtex 2016/05/16 v1.6 Detect VTeX and its facilities (HO)
Package ifvtex Info: VTeX not detected.
Package: intcalc 2016/05/16 v1.2 Expandable calculations with integers (HO)
Package: ifpdf 2018/09/07 v3.3 Provides the ifpdf switch
Package: etexcmds 2016/05/16 v1.6 Avoid name clashes with e-TeX commands (HO)
Package etexcmds Info: Could not find \expanded.
(etexcmds)             That can mean that you are not using pdfTeX 1.50 or
(etexcmds)             that some package has redefined \expanded.
(etexcmds)             In the latter case, load this package earlier.
Package: kvsetkeys 2016/05/16 v1.17 Key value parser (HO)
Package: kvdefinekeys 2016/05/16 v1.4 Define keys (HO)
Package: pdftexcmds 2018/09/10 v0.29 Utility functions of pdfTeX for LuaTeX (HO
)
Package pdftexcmds Info: LuaTeX not detected.
Package pdftexcmds Info: \pdf@primitive is available.
Package pdftexcmds Info: \pdf@ifprimitive is available.
Package pdftexcmds Info: \pdfdraftmode found.
Package: pdfescape 2016/05/16 v1.14 Implements pdfTeX's escape features (HO)
Package: bigintcalc 2016/05/16 v1.4 Expandable calculations on big integers (HO
)
Package: bitset 2016/05/16 v1.2 Handle bit-vector datatype (HO)
Package: uniquecounter 2016/05/16 v1.3 Provide unlimited unique counter (HO)
)
Package hobsub Info: Skipping package `hobsub' (already loaded).
Package: letltxmacro 2016/05/16 v1.5 Let assignment for LaTeX macros (HO)
Package: hopatch 2016/05/16 v1.3 Wrapper for package hooks (HO)
Package: xcolor-patch 2016/05/16 xcolor patch
Package: atveryend 2016/05/16 v1.9 Hooks at the very end of document (HO)
Package atveryend Info: \enddocument detected (standard20110627).
Package: atbegshi 2016/06/09 v1.18 At begin shipout hook (HO)
Package: refcount 2016/05/16 v3.5 Data extraction from label references (HO)
Package: hycolor 2016/05/16 v1.8 Color options for hyperref/bookmark (HO)
)
(d:/texlive/2018/texmf-dist/tex/generic/ifxetex/ifxetex.sty
Package: ifxetex 2010/09/12 v0.6 Provides ifxetex conditional
)
(d:/texlive/2018/texmf-dist/tex/latex/oberdiek/auxhook.sty
Package: auxhook 2016/05/16 v1.4 Hooks for auxiliary files (HO)
)
(d:/texlive/2018/texmf-dist/tex/latex/oberdiek/kvoptions.sty
Package: kvoptions 2016/05/16 v3.12 Key value format for package options (HO)
)
\@linkdim=\dimen106
\Hy@linkcounter=\count91
\Hy@pagecounter=\count92

(d:/texlive/2018/texmf-dist/tex/latex/hyperref/pd1enc.def
File: pd1enc.def 2018/11/30 v6.88e Hyperref: PDFDocEncoding definition (HO)
Now handling font encoding PD1 ...
... no UTF-8 mapping file for font encoding PD1
)
\Hy@SavedSpaceFactor=\count93

(d:/texlive/2018/texmf-dist/tex/latex/latexconfig/hyperref.cfg
File: hyperref.cfg 2002/06/06 v1.2 hyperref configuration of TeXLive
)
Package hyperref Info: Hyper figures OFF on input line 4519.
Package hyperref Info: Link nesting OFF on input line 4524.
Package hyperref Info: Hyper index ON on input line 4527.
Package hyperref Info: Plain pages OFF on input line 4534.
Package hyperref Info: Backreferencing OFF on input line 4539.
Package hyperref Info: Implicit mode ON; LaTeX internals redefined.
Package hyperref Info: Bookmarks ON on input line 4772.
\c@Hy@tempcnt=\count94

(d:/texlive/2018/texmf-dist/tex/latex/url/url.sty
\Urlmuskip=\muskip10
Package: url 2013/09/16  ver 3.4  Verb mode for urls, etc.
)
LaTeX Info: Redefining \url on input line 5125.
\XeTeXLinkMargin=\dimen107
\Fld@menulength=\count95
\Field@Width=\dimen108
\Fld@charsize=\dimen109
Package hyperref Info: Hyper figures OFF on input line 6380.
Package hyperref Info: Link nesting OFF on input line 6385.
Package hyperref Info: Hyper index ON on input line 6388.
Package hyperref Info: backreferencing OFF on input line 6395.
Package hyperref Info: Link coloring OFF on input line 6400.
Package hyperref Info: Link coloring with OCG OFF on input line 6405.
Package hyperref Info: PDF/A mode OFF on input line 6410.
LaTeX Info: Redefining \ref on input line 6450.
LaTeX Info: Redefining \pageref on input line 6454.
\Hy@abspage=\count96
\c@Item=\count97
\c@Hfootnote=\count98
)
Package hyperref Info: Driver (autodetected): hpdftex.

(d:/texlive/2018/texmf-dist/tex/latex/hyperref/hpdftex.def
File: hpdftex.def 2018/11/30 v6.88e Hyperref driver for pdfTeX
\Fld@listcount=\count99
\c@bookmark@seq@number=\count100

(d:/texlive/2018/texmf-dist/tex/latex/oberdiek/rerunfilecheck.sty
Package: rerunfilecheck 2016/05/16 v1.8 Rerun checks for auxiliary files (HO)
Package uniquecounter Info: New unique counter `rerunfilecheck' on input line 2
82.
)
\Hy@SectionHShift=\skip43
)
(d:/texlive/2018/texmf-dist/tex/latex/multirow/multirow.sty
Package: multirow 2019/01/01 v2.4 Span multiple rows of a table
\multirow@colwidth=\skip44
\multirow@cntb=\count101
\multirow@dima=\skip45
\bigstrutjot=\dimen110
)
(d:/texlive/2018/texmf-dist/tex/latex/floatflt/floatflt.sty
Package: floatflt 1997/07/16 v. 1.31
\c@OptionTest=\count102
\figbox=\box29
\tabbox=\box30
\pagebox=\box31
\ffigcount=\count103
\ftabcount=\count104
\fftest=\count105
\hangcount=\count106
\nosuccesstryfig=\count107
\nosuccesstrytab=\count108
\figgutter=\dimen111
\tabgutter=\dimen112
\htdone=\dimen113
\pageht=\dimen114
\startpageht=\dimen115
\tabbredd=\dimen116
\floatfltwidth=\dimen117
\fltitemwidth=\dimen118
\outputpretest=\toks17
)
(d:/texlive/2018/texmf-dist/tex/latex/biblatex/biblatex.sty
Package: biblatex 2018/11/02 v3.12 programmable bibliographies (PK/MW)

(d:/texlive/2018/texmf-dist/tex/latex/etoolbox/etoolbox.sty
Package: etoolbox 2018/08/19 v2.5f e-TeX tools for LaTeX (JAW)
\etb@tempcnta=\count109
)
(d:/texlive/2018/texmf-dist/tex/latex/logreq/logreq.sty
Package: logreq 2010/08/04 v1.0 xml request logger
\lrq@indent=\count110

(d:/texlive/2018/texmf-dist/tex/latex/logreq/logreq.def
File: logreq.def 2010/08/04 v1.0 logreq spec v1.0
))
(d:/texlive/2018/texmf-dist/tex/latex/base/ifthen.sty
Package: ifthen 2014/09/29 v1.1c Standard LaTeX ifthen package (DPC)
)
\c@tabx@nest=\count111
\c@listtotal=\count112
\c@listcount=\count113
\c@liststart=\count114
\c@liststop=\count115
\c@citecount=\count116
\c@citetotal=\count117
\c@multicitecount=\count118
\c@multicitetotal=\count119
\c@instcount=\count120
\c@maxnames=\count121
\c@minnames=\count122
\c@maxitems=\count123
\c@minitems=\count124
\c@citecounter=\count125
\c@maxcitecounter=\count126
\c@savedcitecounter=\count127
\c@uniquelist=\count128
\c@uniquename=\count129
\c@refsection=\count130
\c@refsegment=\count131
\c@maxextratitle=\count132
\c@maxextratitleyear=\count133
\c@maxextraname=\count134
\c@maxextradate=\count135
\c@maxextraalpha=\count136
\c@abbrvpenalty=\count137
\c@highnamepenalty=\count138
\c@lownamepenalty=\count139
\c@maxparens=\count140
\c@parenlevel=\count141
\blx@tempcnta=\count142
\blx@tempcntb=\count143
\blx@tempcntc=\count144
\blx@maxsection=\count145
\blx@maxsegment@0=\count146
\blx@notetype=\count147
\blx@parenlevel@text=\count148
\blx@parenlevel@foot=\count149
\blx@sectionciteorder@0=\count150
\blx@entrysetcounter=\count151
\labelnumberwidth=\skip46
\labelalphawidth=\skip47
\biblabelsep=\skip48
\bibitemsep=\skip49
\bibnamesep=\skip50
\bibinitsep=\skip51
\bibparsep=\skip52
\bibhang=\skip53
\blx@bcfin=\read1
\blx@bcfout=\write3
\c@mincomprange=\count152
\c@maxcomprange=\count153
\c@mincompwidth=\count154
Package biblatex Info: Trying to load biblatex default data model...
Package biblatex Info: ... file 'blx-dm.def' found.

(d:/texlive/2018/texmf-dist/tex/latex/biblatex/blx-dm.def
File: blx-dm.def 2018/11/02 v3.12 biblatex localization (PK/MW)
)
Package biblatex Info: Trying to load biblatex style data model...
Package biblatex Info: ... file 'authoryear-ibid.dbx' not found.
Package biblatex Info: Trying to load biblatex custom data model...
Package biblatex Info: ... file 'biblatex-dm.cfg' not found.
\c@afterword=\count155
\c@savedafterword=\count156
\c@annotator=\count157
\c@savedannotator=\count158
\c@author=\count159
\c@savedauthor=\count160
\c@bookauthor=\count161
\c@savedbookauthor=\count162
\c@commentator=\count163
\c@savedcommentator=\count164
\c@editor=\count165
\c@savededitor=\count166
\c@editora=\count167
\c@savededitora=\count168
\c@editorb=\count169
\c@savededitorb=\count170
\c@editorc=\count171
\c@savededitorc=\count172
\c@foreword=\count173
\c@savedforeword=\count174
\c@holder=\count175
\c@savedholder=\count176
\c@introduction=\count177
\c@savedintroduction=\count178
\c@namea=\count179
\c@savednamea=\count180
\c@nameb=\count181
\c@savednameb=\count182
\c@namec=\count183
\c@savednamec=\count184
\c@translator=\count185
\c@savedtranslator=\count186
\c@shortauthor=\count187
\c@savedshortauthor=\count188
\c@shorteditor=\count189
\c@savedshorteditor=\count190
\c@labelname=\count191
\c@savedlabelname=\count192
\c@institution=\count193
\c@savedinstitution=\count194
\c@lista=\count195
\c@savedlista=\count196
\c@listb=\count197
\c@savedlistb=\count198
\c@listc=\count199
\c@savedlistc=\count266
\c@listd=\count267
\c@savedlistd=\count268
\c@liste=\count269
\c@savedliste=\count270
\c@listf=\count271
\c@savedlistf=\count272
\c@location=\count273
\c@savedlocation=\count274
\c@organization=\count275
\c@savedorganization=\count276
\c@origlocation=\count277
\c@savedoriglocation=\count278
\c@origpublisher=\count279
\c@savedorigpublisher=\count280
\c@publisher=\count281
\c@savedpublisher=\count282
\c@language=\count283
\c@savedlanguage=\count284
\c@origlanguage=\count285
\c@savedoriglanguage=\count286
\c@pageref=\count287
\c@savedpageref=\count288
\shorthandwidth=\skip54
\shortjournalwidth=\skip55
\shortserieswidth=\skip56
\shorttitlewidth=\skip57
\shortauthorwidth=\skip58
\shorteditorwidth=\skip59
\locallabelnumberwidth=\skip60
\locallabelalphawidth=\skip61
\localshorthandwidth=\skip62
\localshortjournalwidth=\skip63
\localshortserieswidth=\skip64
\localshorttitlewidth=\skip65
\localshortauthorwidth=\skip66
\localshorteditorwidth=\skip67
Package biblatex Info: Trying to load compatibility code...
Package biblatex Info: ... file 'blx-compat.def' found.

(d:/texlive/2018/texmf-dist/tex/latex/biblatex/blx-compat.def
File: blx-compat.def 2018/11/02 v3.12 biblatex compatibility (PK/MW)
)
Package biblatex Info: Trying to load BibTeX backend compatibility...
Package biblatex Info: ... file 'blx-bibtex.def' found.

(d:/texlive/2018/texmf-dist/tex/latex/biblatex/blx-bibtex.def
File: blx-bibtex.def 2018/11/02 v3.12 biblatex compatibility (PK/MW)


Package biblatex Warning: Using fall-back BibTeX(8) backend:
(biblatex)                functionality may be reduced/unavailable.

)
Package biblatex Info: Trying to load generic definitions...
Package biblatex Info: ... file 'biblatex.def' found.
 (d:/texlive/2018/texmf-dist/tex/latex/biblatex/biblatex.def
File: biblatex.def 2018/11/02 v3.12 biblatex compatibility (PK/MW)
\c@textcitecount=\count289
\c@textcitetotal=\count290
\c@textcitemaxnames=\count291
\c@biburlnumpenalty=\count292
\c@biburlucpenalty=\count293
\c@biburllcpenalty=\count294
\c@smartand=\count295
)
Package biblatex Info: Trying to load bibliography style 'authoryear-ibid'...
Package biblatex Info: ... file 'authoryear-ibid.bbx' found.

(d:/texlive/2018/texmf-dist/tex/latex/biblatex/bbx/authoryear-ibid.bbx
File: authoryear-ibid.bbx 2018/11/02 v3.12 biblatex bibliography style (PK/MW)
Package biblatex Info: Trying to load bibliography style 'authoryear'...
Package biblatex Info: ... file 'authoryear.bbx' found.

(d:/texlive/2018/texmf-dist/tex/latex/biblatex/bbx/authoryear.bbx
File: authoryear.bbx 2018/11/02 v3.12 biblatex bibliography style (PK/MW)
Package biblatex Info: Trying to load bibliography style 'standard'...
Package biblatex Info: ... file 'standard.bbx' found.

(d:/texlive/2018/texmf-dist/tex/latex/biblatex/bbx/standard.bbx
File: standard.bbx 2018/11/02 v3.12 biblatex bibliography style (PK/MW)
\c@bbx:relatedcount=\count296
\c@bbx:relatedtotal=\count297
)))
Package biblatex Info: Trying to load citation style 'authoryear-ibid'...
Package biblatex Info: ... file 'authoryear-ibid.cbx' found.

(d:/texlive/2018/texmf-dist/tex/latex/biblatex/cbx/authoryear-ibid.cbx
File: authoryear-ibid.cbx 2018/11/02 v3.12 biblatex citation style (PK/MW)
Package biblatex Info: Redefining '\cite'.
Package biblatex Info: Redefining '\parencite'.
Package biblatex Info: Redefining '\footcite'.
Package biblatex Info: Redefining '\footcitetext'.
Package biblatex Info: Redefining '\smartcite'.
Package biblatex Info: Redefining '\textcite'.
Package biblatex Info: Redefining '\textcites'.
)
Package biblatex Info: Trying to load configuration file...
Package biblatex Info: ... file 'biblatex.cfg' found.

(d:/texlive/2018/texmf-dist/tex/latex/biblatex/biblatex.cfg
File: biblatex.cfg 
))
Package hyperref Info: Option `colorlinks' set `true' on input line 18.
Package biblatex Info: Trying to load language 'english'...
Package biblatex Info: ... file 'english.lbx' found.

(d:/texlive/2018/texmf-dist/tex/latex/biblatex/lbx/english.lbx
File: english.lbx 2018/11/02 v3.12 biblatex localization (PK/MW)
)

Package biblatex Warning: 'babel/polyglossia' detected but 'csquotes' missing.
(biblatex)                Loading 'csquotes' recommended.

\@quotelevel=\count298
\@quotereset=\count299
(./document.aux)
\openout1 = `document.aux'.

LaTeX Font Info:    Checking defaults for OML/cmm/m/it on input line 20.
LaTeX Font Info:    ... okay on input line 20.
LaTeX Font Info:    Checking defaults for T1/cmr/m/n on input line 20.
LaTeX Font Info:    ... okay on input line 20.
LaTeX Font Info:    Checking defaults for OT1/cmr/m/n on input line 20.
LaTeX Font Info:    ... okay on input line 20.
LaTeX Font Info:    Checking defaults for OMS/cmsy/m/n on input line 20.
LaTeX Font Info:    ... okay on input line 20.
LaTeX Font Info:    Checking defaults for OMX/cmex/m/n on input line 20.
LaTeX Font Info:    ... okay on input line 20.
LaTeX Font Info:    Checking defaults for U/cmr/m/n on input line 20.
LaTeX Font Info:    ... okay on input line 20.
LaTeX Font Info:    Checking defaults for PD1/pdf/m/n on input line 20.
LaTeX Font Info:    ... okay on input line 20.

(d:/texlive/2018/texmf-dist/tex/context/base/mkii/supp-pdf.mkii
[Loading MPS to PDF converter (version 2006.09.02).]
\scratchcounter=\count300
\scratchdimen=\dimen119
\scratchbox=\box32
\nofMPsegments=\count301
\nofMParguments=\count302
\everyMPshowfont=\toks18
\MPscratchCnt=\count303
\MPscratchDim=\dimen120
\MPnumerator=\count304
\makeMPintoPDFobject=\count305
\everyMPtoPDFconversion=\toks19
) (d:/texlive/2018/texmf-dist/tex/latex/oberdiek/epstopdf-base.sty
Package: epstopdf-base 2016/05/15 v2.6 Base part for package epstopdf

(d:/texlive/2018/texmf-dist/tex/latex/oberdiek/grfext.sty
Package: grfext 2016/05/16 v1.2 Manage graphics extensions (HO)
)
Package epstopdf-base Info: Redefining graphics rule for `.eps' on input line 4
38.
Package grfext Info: Graphics extension search list:
(grfext)             [.pdf,.png,.jpg,.mps,.jpeg,.jbig2,.jb2,.PDF,.PNG,.JPG,.JPE
G,.JBIG2,.JB2,.eps]
(grfext)             \AppendGraphicsExtensions on input line 456.

(d:/texlive/2018/texmf-dist/tex/latex/latexconfig/epstopdf-sys.cfg
File: epstopdf-sys.cfg 2010/07/13 v1.3 Configuration of (r)epstopdf for TeX Liv
e
))
\AtBeginShipoutBox=\box33

(d:/texlive/2018/texmf-dist/tex/latex/graphics/color.sty
Package: color 2016/07/10 v1.1e Standard LaTeX Color (DPC)

(d:/texlive/2018/texmf-dist/tex/latex/graphics-cfg/color.cfg
File: color.cfg 2016/01/02 v1.6 sample color configuration
)
Package color Info: Driver file: pdftex.def on input line 147.
)
Package hyperref Info: Link coloring ON on input line 20.

(d:/texlive/2018/texmf-dist/tex/latex/hyperref/nameref.sty
Package: nameref 2016/05/21 v2.44 Cross-referencing by name of section

(d:/texlive/2018/texmf-dist/tex/generic/oberdiek/gettitlestring.sty
Package: gettitlestring 2016/05/16 v1.5 Cleanup title references (HO)
)
\c@section@level=\count306
)
LaTeX Info: Redefining \ref on input line 20.
LaTeX Info: Redefining \pageref on input line 20.
LaTeX Info: Redefining \nameref on input line 20.

(./document.out) (./document.out)
\@outlinefile=\write4
\openout4 = `document.out'.

Package biblatex Info: Input encoding 'utf8' detected.
Package biblatex Info: Automatic encoding selection.
(biblatex)             Assuming data encoding 'utf8'.
Package biblatex Info: Input encoding 'utf8' specified.
Package biblatex Info: Data encoding 'utf8' specified.
(biblatex)             No need to reencode data.
\openout3 = `document-blx.bib'.

Package biblatex Info: Trying to load bibliographic data...
Package biblatex Info: ... file 'document.bbl' found.
 (./document.bbl)
Package biblatex Info: Reference section=0 on input line 20.
Package biblatex Info: Reference segment=0 on input line 20.
LaTeX Font Info:    External font `cmex10' loaded for size
(Font)              <12> on input line 32.
LaTeX Font Info:    External font `cmex10' loaded for size
(Font)              <8> on input line 32.
LaTeX Font Info:    External font `cmex10' loaded for size
(Font)              <6> on input line 32.
<logo.png, id=120, 378.66469pt x 128.73094pt>
File: logo.png Graphic file (type png)
<use logo.png>
Package pdftex.def Info: logo.png  used on input line 32.
(pdftex.def)             Requested size: 113.81102pt x 38.69028pt.
 [1

{d:/texlive/2018/texmf-var/fonts/map/pdftex/updmap/pdftex.map} <./logo.png>] (.
/document.toc
LaTeX Font Info:    External font `cmex10' loaded for size
(Font)              <7> on input line 6.
LaTeX Font Info:    External font `cmex10' loaded for size
(Font)              <5> on input line 6.
)
\tf@toc=\write5
\openout5 = `document.toc'.

pdfTeX warning (ext4): destination with the same identifier (name{page.1}) has 
been already used, duplicate ignored
<to be read again> 
                   \relax 
l.37 	\newpage
               [1]
<summary.png, id=166, 350.81062pt x 354.57469pt>
File: summary.png Graphic file (type png)
<use summary.png>
Package pdftex.def Info: summary.png  used on input line 46.
(pdftex.def)             Requested size: 315.72662pt x 319.11427pt.
 [2 <./summary.png>] [3]
<risks.png, id=182, 548.80031pt x 114.4275pt>
File: risks.png Graphic file (type png)
<use risks.png>
Package pdftex.def Info: risks.png  used on input line 107.
(pdftex.def)             Requested size: 439.04083pt x 91.54211pt.

Overfull \hbox (94.04083pt too wide) in paragraph at lines 107--108
[][] 
 []

[4] [5 <./risks.png>]
Underfull \hbox (badness 10000) in paragraph at lines 147--147

 []


Underfull \hbox (badness 10000) in paragraph at lines 147--147

 []


Underfull \hbox (badness 10000) in paragraph at lines 147--147

 []


Underfull \hbox (badness 10000) in paragraph at lines 170--170

 []


Underfull \hbox (badness 10000) in paragraph at lines 170--170

 []


Underfull \hbox (badness 10000) in paragraph at lines 192--192

 []


Underfull \hbox (badness 10000) in paragraph at lines 192--192

 []


Underfull \hbox (badness 10000) in paragraph at lines 192--192

 []

[6]
Underfull \hbox (badness 10000) in paragraph at lines 210--210

 []


Underfull \hbox (badness 10000) in paragraph at lines 210--210

 []


Underfull \hbox (badness 10000) in paragraph at lines 231--231

 []


Underfull \hbox (badness 10000) in paragraph at lines 231--231

 []


Underfull \hbox (badness 10000) in paragraph at lines 231--231

 []

[7]
<leak.png, id=206, 548.0475pt x 266.49562pt>
File: leak.png Graphic file (type png)
<use leak.png>
Package pdftex.def Info: leak.png  used on input line 255.
(pdftex.def)             Requested size: 345.00415pt x 170.71927pt.
 [8] [9 <./leak.png>]
<mapfrag.png, id=223, 310.15875pt x 646.66594pt>
File: mapfrag.png Graphic file (type png)
<use mapfrag.png>
Package pdftex.def Info: mapfrag.png  used on input line 283.
(pdftex.def)             Requested size: 124.0613pt x 258.66179pt.

Overfull \hbox (20.56024pt too wide) in paragraph at lines 283--284
[][]  
 []

Package floatflt Message: Floating figure 1 set on page 10
[10 <./mapfrag.png>]
! Missing $ inserted.
<inserted text> 
                $
l.296 \left
           \subsection{Inscription-list Fragment}
I've inserted a begin-math/end-math symbol since I think
you left one out. Proceed, with fingers crossed.

! Missing delimiter (. inserted).
<to be read again> 
                   {
l.296 \left\subsection
                      {Inscription-list Fragment}
I was expecting to see something like `(' or `\{' or
`\}' here. If you typed, e.g., `{' instead of `\{', you
should probably delete the `{' by typing `1' now, so that
braces don't get unbalanced. Otherwise just proceed.
Acceptable delimiters are characters whose \delcode is
nonnegative, or you can use `\delimiter <delimiter code>'.

! Missing $ inserted.
<inserted text> 
                $
l.296 \left\subsection
                      {Inscription-list Fragment}
I've inserted a begin-math/end-math symbol since I think
you left one out. Proceed, with fingers crossed.

! Missing } inserted.
<inserted text> 
                }
l.296 \left\subsection
                      {Inscription-list Fragment}
I've inserted something that you may have forgotten.
(See the <inserted text> above.)
With luck, this will get me unwedged. But if you
really didn't forget anything, try typing `2' now; then
my insertion and my current dilemma will both disappear.

! Missing \right. inserted.
<inserted text> 
                \right .
l.296 \left\subsection
                      {Inscription-list Fragment}
I've inserted something that you may have forgotten.
(See the <inserted text> above.)
With luck, this will get me unwedged. But if you
really didn't forget anything, try typing `2' now; then
my insertion and my current dilemma will both disappear.

! Extra }, or forgotten \endgroup.
\par ...m \@noitemerr {\@@par }\fi \else {\@@par }
                                                  \fi 
l.296 \left\subsection
                      {Inscription-list Fragment}
I've deleted a group-closing symbol because it seems to be
spurious, as in `$x}$'. But perhaps the } is legitimate and
you forgot something else, as in `\hbox{$x}'. In such cases
the way to recover is to insert both the forgotten and the
deleted material, e.g., by typing `I$}'.


Package floatflt Warning: Floating figures 1 and 2 colliding.

<inscription.png, id=232, 303.38344pt x 620.3175pt>
File: inscription.png Graphic file (type png)
<use inscription.png>
Package pdftex.def Info: inscription.png  used on input line 299.
(pdftex.def)             Requested size: 121.35121pt x 248.1226pt.

Overfull \hbox (17.85016pt too wide) in paragraph at lines 299--300
[][]  
 []

Package floatflt Message: Floating figure 2 set on page 11
[11 <./inscription.png>]
! Missing $ inserted.
<inserted text> 
                $
l.314 \left
           \subsection{Settings Fragment}
I've inserted a begin-math/end-math symbol since I think
you left one out. Proceed, with fingers crossed.

! Missing delimiter (. inserted).
<to be read again> 
                   {
l.314 \left\subsection
                      {Settings Fragment}
I was expecting to see something like `(' or `\{' or
`\}' here. If you typed, e.g., `{' instead of `\{', you
should probably delete the `{' by typing `1' now, so that
braces don't get unbalanced. Otherwise just proceed.
Acceptable delimiters are characters whose \delcode is
nonnegative, or you can use `\delimiter <delimiter code>'.

! Missing $ inserted.
<inserted text> 
                $
l.314 \left\subsection
                      {Settings Fragment}
I've inserted a begin-math/end-math symbol since I think
you left one out. Proceed, with fingers crossed.

! Missing } inserted.
<inserted text> 
                }
l.314 \left\subsection
                      {Settings Fragment}
I've inserted something that you may have forgotten.
(See the <inserted text> above.)
With luck, this will get me unwedged. But if you
really didn't forget anything, try typing `2' now; then
my insertion and my current dilemma will both disappear.

! Missing \right. inserted.
<inserted text> 
                \right .
l.314 \left\subsection
                      {Settings Fragment}
I've inserted something that you may have forgotten.
(See the <inserted text> above.)
With luck, this will get me unwedged. But if you
really didn't forget anything, try typing `2' now; then
my insertion and my current dilemma will both disappear.

! Extra }, or forgotten \endgroup.
\par ...m \@noitemerr {\@@par }\fi \else {\@@par }
                                                  \fi 
l.314 \left\subsection
                      {Settings Fragment}
I've deleted a group-closing symbol because it seems to be
spurious, as in `$x}$'. But perhaps the } is legitimate and
you forgot something else, as in `\hbox{$x}'. In such cases
the way to recover is to insert both the forgotten and the
deleted material, e.g., by typing `I$}'.

<settings.png, id=241, 313.17pt x 643.6547pt>
File: settings.png Graphic file (type png)
<use settings.png>
Package pdftex.def Info: settings.png  used on input line 317.
(pdftex.def)             Requested size: 125.26576pt x 257.4573pt.

Overfull \hbox (21.76471pt too wide) in paragraph at lines 317--318
[][]  
 []

Package floatflt Message: Floating figure 3 set on page 12
[12 <./settings.png>]
! Missing $ inserted.
<inserted text> 
                $
l.332 \left
           \subsection{Diagrams}
I've inserted a begin-math/end-math symbol since I think
you left one out. Proceed, with fingers crossed.

! Missing delimiter (. inserted).
<to be read again> 
                   {
l.332 \left\subsection
                      {Diagrams}
I was expecting to see something like `(' or `\{' or
`\}' here. If you typed, e.g., `{' instead of `\{', you
should probably delete the `{' by typing `1' now, so that
braces don't get unbalanced. Otherwise just proceed.
Acceptable delimiters are characters whose \delcode is
nonnegative, or you can use `\delimiter <delimiter code>'.

! Missing $ inserted.
<inserted text> 
                $
l.332 \left\subsection
                      {Diagrams}
I've inserted a begin-math/end-math symbol since I think
you left one out. Proceed, with fingers crossed.

! Missing } inserted.
<inserted text> 
                }
l.332 \left\subsection
                      {Diagrams}
I've inserted something that you may have forgotten.
(See the <inserted text> above.)
With luck, this will get me unwedged. But if you
really didn't forget anything, try typing `2' now; then
my insertion and my current dilemma will both disappear.

! Missing \right. inserted.
<inserted text> 
                \right .
l.332 \left\subsection
                      {Diagrams}
I've inserted something that you may have forgotten.
(See the <inserted text> above.)
With luck, this will get me unwedged. But if you
really didn't forget anything, try typing `2' now; then
my insertion and my current dilemma will both disappear.

! Extra }, or forgotten \endgroup.
\par ...m \@noitemerr {\@@par }\fi \else {\@@par }
                                                  \fi 
l.332 \left\subsection
                      {Diagrams}
I've deleted a group-closing symbol because it seems to be
spurious, as in `$x}$'. But perhaps the } is legitimate and
you forgot something else, as in `\hbox{$x}'. In such cases
the way to recover is to insert both the forgotten and the
deleted material, e.g., by typing `I$}'.

<add_ins.png, id=249, 653.44125pt x 432.61626pt>
File: add_ins.png Graphic file (type png)
<use add_ins.png>
Package pdftex.def Info: add_ins.png  used on input line 335.
(pdftex.def)             Requested size: 344.99611pt x 199.17091pt.
<perm.png, id=250, 603.25375pt x 352.31625pt>
File: perm.png Graphic file (type png)
<use perm.png>
Package pdftex.def Info: perm.png  used on input line 341.
(pdftex.def)             Requested size: 344.99962pt x 142.2626pt.
[13 <./add_ins.png> <./perm.png>]
! Missing $ inserted.
<inserted text> 
                $
l.347 \left
           \subsection{Reflection}
I've inserted a begin-math/end-math symbol since I think
you left one out. Proceed, with fingers crossed.

! Missing delimiter (. inserted).
<to be read again> 
                   {
l.347 \left\subsection
                      {Reflection}
I was expecting to see something like `(' or `\{' or
`\}' here. If you typed, e.g., `{' instead of `\{', you
should probably delete the `{' by typing `1' now, so that
braces don't get unbalanced. Otherwise just proceed.
Acceptable delimiters are characters whose \delcode is
nonnegative, or you can use `\delimiter <delimiter code>'.

! Missing $ inserted.
<inserted text> 
                $
l.347 \left\subsection
                      {Reflection}
I've inserted a begin-math/end-math symbol since I think
you left one out. Proceed, with fingers crossed.

! Missing } inserted.
<inserted text> 
                }
l.347 \left\subsection
                      {Reflection}
I've inserted something that you may have forgotten.
(See the <inserted text> above.)
With luck, this will get me unwedged. But if you
really didn't forget anything, try typing `2' now; then
my insertion and my current dilemma will both disappear.

! Missing \right. inserted.
<inserted text> 
                \right .
l.347 \left\subsection
                      {Reflection}
I've inserted something that you may have forgotten.
(See the <inserted text> above.)
With luck, this will get me unwedged. But if you
really didn't forget anything, try typing `2' now; then
my insertion and my current dilemma will both disappear.

! Extra }, or forgotten \endgroup.
\par ...m \@noitemerr {\@@par }\fi \else {\@@par }
                                                  \fi 
l.347 \left\subsection
                      {Reflection}
I've deleted a group-closing symbol because it seems to be
spurious, as in `$x}$'. But perhaps the } is legitimate and
you forgot something else, as in `\hbox{$x}'. In such cases
the way to recover is to insert both the forgotten and the
deleted material, e.g., by typing `I$}'.

[14]
<test1.png, id=263, 499.11469pt x 181.42781pt>
File: test1.png Graphic file (type png)
<use test1.png>
Package pdftex.def Info: test1.png  used on input line 367.
(pdftex.def)             Requested size: 345.0pt x 125.40956pt.
<test2.png, id=264, 931.98187pt x 214.55156pt>
File: test2.png Graphic file (type png)
<use test2.png>
Package pdftex.def Info: test2.png  used on input line 373.
(pdftex.def)             Requested size: 345.0pt x 79.4221pt.
<test3.png, id=265, 889.07156pt x 351.56343pt>
File: test3.png Graphic file (type png)
<use test3.png>
Package pdftex.def Info: test3.png  used on input line 379.
(pdftex.def)             Requested size: 345.0pt x 136.42253pt.
 [15 <./test1.png> <./test2.png> <./test3.png>]
Package atveryend Info: Empty hook `BeforeClearDocument' on input line 389.
 [16]
Package atveryend Info: Empty hook `AfterLastShipout' on input line 389.
 (./document.aux)
Package atveryend Info: Executing hook `AtVeryEndDocument' on input line 389.
Package atveryend Info: Executing hook `AtEndAfterFileList' on input line 389.
Package rerunfilecheck Info: File `document.out' has not changed.
(rerunfilecheck)             Checksum: 23F3666B3B8BA8D0FDA69D2A356BA669;1830.
Package logreq Info: Writing requests to 'document.run.xml'.
\openout1 = `document.run.xml'.

Package atveryend Info: Empty hook `AtVeryVeryEnd' on input line 389.
 ) 
Here is how much of TeX's memory you used:
 12651 strings out of 492616
 213504 string characters out of 6132769
 516724 words of memory out of 5000000
 16377 multiletter control sequences out of 15000+600000
 8710 words of font info for 31 fonts, out of 8000000 for 9000
 1141 hyphenation exceptions out of 8191
 41i,7n,45p,925b,1694s stack positions out of 5000i,500n,10000p,200000b,80000s
<d:/texlive/2018/texmf-dist/fonts/type1/public/amsfonts/cm/cmbx10.pfb><d:/tex
live/2018/texmf-dist/fonts/type1/public/amsfonts/cm/cmbx12.pfb><d:/texlive/2018
/texmf-dist/fonts/type1/public/amsfonts/cm/cmcsc10.pfb><d:/texlive/2018/texmf-d
ist/fonts/type1/public/amsfonts/cm/cmr10.pfb><d:/texlive/2018/texmf-dist/fonts/
type1/public/amsfonts/cm/cmr12.pfb><d:/texlive/2018/texmf-dist/fonts/type1/publ
ic/amsfonts/cm/cmr17.pfb><d:/texlive/2018/texmf-dist/fonts/type1/public/amsfont
s/cm/cmr7.pfb><d:/texlive/2018/texmf-dist/fonts/type1/public/amsfonts/cm/cmti10
.pfb><d:/texlive/2018/texmf-dist/fonts/type1/public/amsfonts/cm/cmtt10.pfb>
Output written on document.pdf (17 pages, 651208 bytes).
PDF statistics:
 341 PDF objects out of 1000 (max. 8388607)
 288 compressed objects within 3 object streams
 66 named destinations out of 1000 (max. 500000)
 293 words of extra memory for PDF output out of 10000 (max. 10000000)

